<?xml version="1.0" encoding="UTF-8"?>
<testng-results skipped="0" failed="1" ignored="0" total="1" passed="0">
  <reporter-output>
  </reporter-output>
  <suite name="Default suite" duration-ms="86653" started-at="2019-09-04T08:27:11Z" finished-at="2019-09-04T08:28:38Z">
    <groups>
    </groups>
    <test name="Default test" duration-ms="86653" started-at="2019-09-04T08:27:11Z" finished-at="2019-09-04T08:28:38Z">
      <class name="com.uiPackage.test.CurrencyTestCase">
        <test-method status="PASS" signature="setUp()[pri:0, instance:com.uiPackage.test.CurrencyTestCase@67b92f0a]" name="setUp" is-config="true" duration-ms="17613" started-at="2019-09-04T08:27:11Z" finished-at="2019-09-04T08:27:29Z">
          <reporter-output>
          </reporter-output>
        </test-method> <!-- setUp -->
        <test-method status="FAIL" signature="test_trade()[pri:0, instance:com.uiPackage.test.CurrencyTestCase@67b92f0a]" name="test_trade" duration-ms="69002" started-at="2019-09-04T08:27:29Z" finished-at="2019-09-04T08:28:38Z">
          <exception class="org.openqa.selenium.NoSuchElementException">
            <message>
              <![CDATA[An element could not be located on the page using the given search parameters.
For documentation on this error, please visit: https://www.seleniumhq.org/exceptions/no_such_element.html
Build info: version: '3.141.59', revision: 'e82be7d358', time: '2018-11-14T08:25:53'
System info: host: 'gaihongweideMacBook-Air.local', ip: 'fe80:0:0:0:1404:63fa:8d4e:a014%en0', os.name: 'Mac OS X', os.arch: 'x86_64', os.version: '10.15', java.version: '1.8.0_211'
Driver info: io.appium.java_client.android.AndroidDriver
Capabilities {appActivity: .module.launch.SplashActivity, appPackage: com.tbex.trader, autoGrantPermissions: true, databaseEnabled: false, desired: {appActivity: .module.launch.SplashActivity, appPackage: com.tbex.trader, autoGrantPermissions: true, deviceName: 1de6dcad, noReset: true, platformName: android, platformVersion: 5.1.1, resetKeyboard: true, udid: 1de6dcad, unicodeKeyboard: true}, deviceManufacturer: CMDC, deviceModel: M631, deviceName: 1de6dcad, deviceScreenSize: 720x1280, deviceUDID: 1de6dcad, javascriptEnabled: true, locationContextEnabled: false, networkConnectionEnabled: true, noReset: true, platform: LINUX, platformName: Android, platformVersion: 5.1.1, resetKeyboard: true, takesScreenshot: true, udid: 1de6dcad, unicodeKeyboard: true, warnings: {}, webStorageEnabled: false}
Session ID: 8192be60-9e80-469e-990e-f9d14cae60bc
*** Element info: {Using=id, value=com.tbex.trader:id/twoView}]]>
            </message>
            <full-stacktrace>
              <![CDATA[org.openqa.selenium.NoSuchElementException: An element could not be located on the page using the given search parameters.
For documentation on this error, please visit: https://www.seleniumhq.org/exceptions/no_such_element.html
Build info: version: '3.141.59', revision: 'e82be7d358', time: '2018-11-14T08:25:53'
System info: host: 'gaihongweideMacBook-Air.local', ip: 'fe80:0:0:0:1404:63fa:8d4e:a014%en0', os.name: 'Mac OS X', os.arch: 'x86_64', os.version: '10.15', java.version: '1.8.0_211'
Driver info: io.appium.java_client.android.AndroidDriver
Capabilities {appActivity: .module.launch.SplashActivity, appPackage: com.tbex.trader, autoGrantPermissions: true, databaseEnabled: false, desired: {appActivity: .module.launch.SplashActivity, appPackage: com.tbex.trader, autoGrantPermissions: true, deviceName: 1de6dcad, noReset: true, platformName: android, platformVersion: 5.1.1, resetKeyboard: true, udid: 1de6dcad, unicodeKeyboard: true}, deviceManufacturer: CMDC, deviceModel: M631, deviceName: 1de6dcad, deviceScreenSize: 720x1280, deviceUDID: 1de6dcad, javascriptEnabled: true, locationContextEnabled: false, networkConnectionEnabled: true, noReset: true, platform: LINUX, platformName: Android, platformVersion: 5.1.1, resetKeyboard: true, takesScreenshot: true, udid: 1de6dcad, unicodeKeyboard: true, warnings: {}, webStorageEnabled: false}
Session ID: 8192be60-9e80-469e-990e-f9d14cae60bc
*** Element info: {Using=id, value=com.tbex.trader:id/twoView}
at sun.reflect.NativeConstructorAccessorImpl.newInstance0(Native Method)
at sun.reflect.NativeConstructorAccessorImpl.newInstance(NativeConstructorAccessorImpl.java:62)
at sun.reflect.DelegatingConstructorAccessorImpl.newInstance(DelegatingConstructorAccessorImpl.java:45)
at java.lang.reflect.Constructor.newInstance(Constructor.java:423)
at org.openqa.selenium.remote.http.W3CHttpResponseCodec.createException(W3CHttpResponseCodec.java:187)
at org.openqa.selenium.remote.http.W3CHttpResponseCodec.decode(W3CHttpResponseCodec.java:122)
at org.openqa.selenium.remote.http.W3CHttpResponseCodec.decode(W3CHttpResponseCodec.java:49)
at org.openqa.selenium.remote.HttpCommandExecutor.execute(HttpCommandExecutor.java:158)
at io.appium.java_client.remote.AppiumCommandExecutor.execute(AppiumCommandExecutor.java:239)
at org.openqa.selenium.remote.RemoteWebDriver.execute(RemoteWebDriver.java:552)
at io.appium.java_client.DefaultGenericMobileDriver.execute(DefaultGenericMobileDriver.java:42)
at io.appium.java_client.AppiumDriver.execute(AppiumDriver.java:1)
at io.appium.java_client.android.AndroidDriver.execute(AndroidDriver.java:1)
at org.openqa.selenium.remote.RemoteWebDriver.findElement(RemoteWebDriver.java:323)
at io.appium.java_client.DefaultGenericMobileDriver.findElement(DefaultGenericMobileDriver.java:62)
at io.appium.java_client.AppiumDriver.findElement(AppiumDriver.java:1)
at io.appium.java_client.android.AndroidDriver.findElement(AndroidDriver.java:1)
at org.openqa.selenium.remote.RemoteWebDriver.findElementById(RemoteWebDriver.java:372)
at io.appium.java_client.DefaultGenericMobileDriver.findElementById(DefaultGenericMobileDriver.java:70)
at io.appium.java_client.AppiumDriver.findElementById(AppiumDriver.java:1)
at io.appium.java_client.android.AndroidDriver.findElementById(AndroidDriver.java:1)
at com.uiPackage.utils.BaseUtils.id(BaseUtils.java:68)
at com.uiPackage.utils.currency.Currency.trade(Currency.java:68)
at com.uiPackage.test.CurrencyTestCase.test_trade(CurrencyTestCase.java:21)
at sun.reflect.NativeMethodAccessorImpl.invoke0(Native Method)
at sun.reflect.NativeMethodAccessorImpl.invoke(NativeMethodAccessorImpl.java:62)
at sun.reflect.DelegatingMethodAccessorImpl.invoke(DelegatingMethodAccessorImpl.java:43)
at java.lang.reflect.Method.invoke(Method.java:498)
at org.testng.internal.MethodInvocationHelper.invokeMethod(MethodInvocationHelper.java:124)
at org.testng.internal.Invoker.invokeMethod(Invoker.java:583)
at org.testng.internal.Invoker.invokeTestMethod(Invoker.java:719)
at org.testng.internal.Invoker.invokeTestMethods(Invoker.java:989)
at org.testng.internal.TestMethodWorker.invokeTestMethods(TestMethodWorker.java:125)
at org.testng.internal.TestMethodWorker.run(TestMethodWorker.java:109)
at org.testng.TestRunner.privateRun(TestRunner.java:648)
at org.testng.TestRunner.run(TestRunner.java:505)
at org.testng.SuiteRunner.runTest(SuiteRunner.java:455)
at org.testng.SuiteRunner.runSequentially(SuiteRunner.java:450)
at org.testng.SuiteRunner.privateRun(SuiteRunner.java:415)
at org.testng.SuiteRunner.run(SuiteRunner.java:364)
at org.testng.SuiteRunnerWorker.runSuite(SuiteRunnerWorker.java:52)
at org.testng.SuiteRunnerWorker.run(SuiteRunnerWorker.java:84)
at org.testng.TestNG.runSuitesSequentially(TestNG.java:1208)
at org.testng.TestNG.runSuitesLocally(TestNG.java:1137)
at org.testng.TestNG.runSuites(TestNG.java:1049)
at org.testng.TestNG.run(TestNG.java:1017)
at org.testng.remote.AbstractRemoteTestNG.run(AbstractRemoteTestNG.java:115)
at org.testng.remote.RemoteTestNG.initAndRun(RemoteTestNG.java:251)
at org.testng.remote.RemoteTestNG.main(RemoteTestNG.java:77)
]]>
            </full-stacktrace>
          </exception> <!-- org.openqa.selenium.NoSuchElementException -->
          <reporter-output>
          </reporter-output>
        </test-method> <!-- test_trade -->
      </class> <!-- com.uiPackage.test.CurrencyTestCase -->
    </test> <!-- Default test -->
  </suite> <!-- Default suite -->
</testng-results>
