<?xml version="1.0" encoding="UTF-8"?>
<!-- Generated by org.testng.reporters.JUnitXMLReporter -->
<testsuite hostname="gaihongweideMacBook-Air.local" ignored="1" name="LoginTest" tests="3" failures="0" timestamp="20 七月 2019 03:45:24 GMT" time="92.963" errors="0">
  <testcase name="test_login" time="40.753" classname="com.uiPackage.test.LoginTest"/>
  <testcase name="test_contract" time="26.087" classname="com.uiPackage.test.LoginTest"/>
  <testcase name="test_logout" time="5.258" classname="com.uiPackage.test.LoginTest"/>
  <testcase name="aa" time="0.0" classname="com.uiPackage.test.LoginTest">
    <ignored/>
  </testcase> <!-- aa -->
</testsuite> <!-- LoginTest -->
