<?xml version="1.0" encoding="UTF-8"?>
<testng-results skipped="0" failed="0" ignored="0" total="1" passed="1">
  <reporter-output>
  </reporter-output>
  <suite name="Default suite" duration-ms="788" started-at="2019-11-30T06:50:40Z" finished-at="2019-11-30T06:50:41Z">
    <groups>
    </groups>
    <test name="Default test" duration-ms="788" started-at="2019-11-30T06:50:40Z" finished-at="2019-11-30T06:50:41Z">
      <class name="com.port.test.acount.AcountAssetsSites">
        <test-method status="PASS" signature="setUp()[pri:0, instance:com.port.test.acount.AcountAssetsSites@343f4d3d]" name="setUp" is-config="true" duration-ms="315" started-at="2019-11-30T06:50:40Z" finished-at="2019-11-30T06:50:40Z">
          <reporter-output>
          </reporter-output>
        </test-method> <!-- setUp -->
        <test-method status="PASS" signature="test_acountAssetsSites()[pri:0, instance:com.port.test.acount.AcountAssetsSites@343f4d3d]" name="test_acountAssetsSites" duration-ms="412" started-at="2019-11-30T06:50:40Z" finished-at="2019-11-30T06:50:41Z">
          <reporter-output>
          </reporter-output>
        </test-method> <!-- test_acountAssetsSites -->
        <test-method status="PASS" signature="tearDown()[pri:0, instance:com.port.test.acount.AcountAssetsSites@343f4d3d]" name="tearDown" is-config="true" duration-ms="1" started-at="2019-11-30T06:50:41Z" finished-at="2019-11-30T06:50:41Z">
          <reporter-output>
          </reporter-output>
        </test-method> <!-- tearDown -->
      </class> <!-- com.port.test.acount.AcountAssetsSites -->
    </test> <!-- Default test -->
  </suite> <!-- Default suite -->
</testng-results>
