<?xml version="1.0" encoding="UTF-8"?>
<testng-results skipped="0" failed="0" ignored="0" total="1" passed="1">
  <reporter-output>
  </reporter-output>
  <suite name="Default suite" duration-ms="9222" started-at="2019-09-09T13:04:08Z" finished-at="2019-09-09T13:04:18Z">
    <groups>
    </groups>
    <test name="Default test" duration-ms="9222" started-at="2019-09-09T13:04:08Z" finished-at="2019-09-09T13:04:18Z">
      <class name="com.port.test.gdw.BuyAndSellData">
        <test-method status="PASS" signature="setUp()[pri:0, instance:com.port.test.BuyAndSellData@307f6b8c]" name="setUp" is-config="true" duration-ms="14" started-at="2019-09-09T13:04:08Z" finished-at="2019-09-09T13:04:09Z">
          <reporter-output>
          </reporter-output>
        </test-method> <!-- setUp -->
        <test-method status="PASS" signature="run()[pri:0, instance:com.port.test.BuyAndSellData@307f6b8c]" name="run" duration-ms="9150" started-at="2019-09-09T13:04:09Z" finished-at="2019-09-09T13:04:18Z">
          <reporter-output>
          </reporter-output>
        </test-method> <!-- run -->
        <test-method status="PASS" signature="tearDown()[pri:0, instance:com.port.test.BuyAndSellData@307f6b8c]" name="tearDown" is-config="true" duration-ms="1" started-at="2019-09-09T13:04:18Z" finished-at="2019-09-09T13:04:18Z">
          <reporter-output>
          </reporter-output>
        </test-method> <!-- tearDown -->
      </class> <!-- com.port.test.gdw.BuyAndSellData -->
    </test> <!-- Default test -->
  </suite> <!-- Default suite -->
</testng-results>
